{"logLevel":"debug","message":"multithreading is set to false"}
{"logLevel":"debug","message":"Using reflection to scan dependencies for gauge implementations..."}
log4j:WARN No appenders could be found for logger (io.grpc.netty.shaded.io.netty.util.internal.logging.InternalLoggerFactory).
log4j:WARN Please initialize the log4j system properly.
log4j:WARN See http://logging.apache.org/log4j/1.2/faq.html#noconfig for more info.
{"logLevel":"debug","message":"gauge-java took 597milliseconds to load and scan. This should be less than 'runner_connection_timeout' config value."}
{"logLevel":"debug","message":"run 'gauge config runner_connection_timeout' and verify that it is < 597"}
{"logLevel":"debug","message":"starting gRPC server..."}
{"logLevel":"debug","message":"started gRPC server on port 63174"}
{"logLevel":"info","message":"Listening on port:63174"}
{"logLevel":"debug","message":"Scanning packages for steps"}
{"logLevel":"debug","message":"Comparing 'StepImplementation.clickBuyTicket' and 'StepImplementation.clickBuyTicket'"}
{"logLevel":"debug","message":"Found {} id li butona tıkla in current project scope."}
{"logLevel":"debug","message":"Comparing 'StepImplementation.permissionDenyButton' and 'StepImplementation.permissionDenyButton'"}
{"logLevel":"debug","message":"Found İzin reddet in current project scope."}
{"logLevel":"debug","message":"Comparing 'StepImplementation.clickWithXPath' and 'StepImplementation.clickWithXPath'"}
{"logLevel":"debug","message":"Found {} xpath li butona tıkla in current project scope."}
{"logLevel":"debug","message":"Scanning packages for hooks"}
{"logLevel":"debug","message":"Scanned steps (using static parsing + reflections): "}
{"logLevel":"debug","message":"\t{} xpath li butona tıkla : public void clickWithXPath(String key)"}
{"logLevel":"debug","message":"\tİzin reddet : public void permissionDenyButton() throws InterruptedException"}
{"logLevel":"debug","message":"\t{} id li butona tıkla : public void clickBuyTicket(String key)"}
!!!!!!!!!!!!!!!!!!!!!!!!!!!Test baslıyor!!!!!!!!!!!!!!!!!!!!!!!!!!!!!
!!!!!!!!!!!!!!!!!!!!!!!!!!!!!!!!!!!!
Haz 15, 2021 1:31:32 PM io.appium.java_client.remote.AppiumCommandExecutor$1 lambda$0
INFO: Detected dialect: W3C
{"logLevel":"debug","message":"Executing 'İzin reddet' using 'class StepImplementation.permissionDenyButton"}
İzin Kısmı başarı ile geçildi.
{"logLevel":"debug","message":"Executing '{} id li butona tıkla' using 'class StepImplementation.clickBuyTicket"}
{"logLevel":"debug","message":"Executing '{} id li butona tıkla' using 'class StepImplementation.clickBuyTicket"}
{"logLevel":"debug","message":"Killing Java runner..."}
{"logLevel":"debug","message":"Stopping execution pool..."}
{"logLevel":"debug","message":"Shutting down grpc server..."}
{"logLevel":"debug","message":"Runner killed gracefully."}
